<?xml version="1.0" encoding="UTF-8"?>
<!-- Generated by org.testng.reporters.JUnitReportReporter -->
<testsuite hostname="swathi-PC" name="testScriptLayer.DriverScript" tests="2" failures="0" timestamp="20 Jan 2020 16:57:05 GMT" time="90.377" errors="0">
  <testcase name="usercreation" time="44.652" classname="testScriptLayer.DriverScript"/>
  <testcase name="empcreation" time="45.725" classname="testScriptLayer.DriverScript"/>
</testsuite> <!-- testScriptLayer.DriverScript -->
