<?xml version="1.0" encoding="UTF-8"?>
<!-- Generated by org.testng.reporters.JUnitReportReporter -->
<testsuite hostname="swathi-PC" name="driverfactory.DataDriven" tests="1" failures="0" timestamp="12 Jan 2020 10:54:17 GMT" time="36.185" errors="0">
  <testcase name="verifyRegister" time="36.185" classname="driverfactory.DataDriven"/>
</testsuite> <!-- driverfactory.DataDriven -->
