<?xml version="1.0" encoding="UTF-8"?>
<!-- Generated by org.testng.reporters.JUnitReportReporter -->
<testsuite hostname="swathi-PC" name="driverfactory.DriverScript" tests="1" failures="0" timestamp="12 Jan 2020 10:54:17 GMT" time="99.963" errors="0">
  <testcase name="startTest" time="99.963" classname="driverfactory.DriverScript"/>
</testsuite> <!-- driverfactory.DriverScript -->
